# JRE version: Java(TM) SE Runtime Environment (8.0_111-b14) (build 1.8.0_111-b14)
# Java VM: Java HotSpot(TM) 64-Bit Server VM (25.111-b14 mixed mode windows-amd64 compressed oops)
Heap:
 PSYoungGen      total 114176K, used 39373K [0x00000000d5b00000, 0x00000000e0480000, 0x0000000100000000)
  eden space 96768K, 40% used [0x00000000d5b00000,0x00000000d8173700,0x00000000db980000)
  from space 17408K, 0% used [0x00000000db980000,0x00000000db980000,0x00000000dca80000)
  to   space 18432K, 0% used [0x00000000df280000,0x00000000df280000,0x00000000e0480000)
 ParOldGen       total 61440K, used 22046K [0x0000000081000000, 0x0000000084c00000, 0x00000000d5b00000)
  object space 61440K, 35% used [0x0000000081000000,0x0000000082587890,0x0000000084c00000)
 Metaspace       used 45932K, capacity 46188K, committed 46592K, reserved 1089536K
  class space    used 5717K, capacity 5809K, committed 5888K, reserved 1048576K
GC Heap History (10 events):
Event: 5.598 GC heap before
{Heap before GC invocations=7 (full 1):
 PSYoungGen      total 38400K, used 38399K [0x00000000d5b00000, 0x00000000db200000, 0x0000000100000000)
  eden space 33280K, 100% used [0x00000000d5b00000,0x00000000d7b80000,0x00000000d7b80000)
  from space 5120K, 99% used [0x00000000d7b80000,0x00000000d807ff48,0x00000000d8080000)
  to   space 14848K, 0% used [0x00000000da380000,0x00000000da380000,0x00000000db200000)
 ParOldGen       total 61440K, used 21285K [0x0000000081000000, 0x0000000084c00000, 0x00000000d5b00000)
  object space 61440K, 34% used [0x0000000081000000,0x00000000824c9480,0x0000000084c00000)
 Metaspace       used 28697K, capacity 28930K, committed 29056K, reserved 1075200K
  class space    used 3348K, capacity 3437K, committed 3456K, reserved 1048576K
Event: 5.603 GC heap after
Heap after GC invocations=7 (full 1):
 PSYoungGen      total 70144K, used 6727K [0x00000000d5b00000, 0x00000000daf80000, 0x0000000100000000)
  eden space 57856K, 0% used [0x00000000d5b00000,0x00000000d5b00000,0x00000000d9380000)
  from space 12288K, 54% used [0x00000000da380000,0x00000000daa11c30,0x00000000daf80000)
  to   space 14336K, 0% used [0x00000000d9380000,0x00000000d9380000,0x00000000da180000)
 ParOldGen       total 61440K, used 21293K [0x0000000081000000, 0x0000000084c00000, 0x00000000d5b00000)
  object space 61440K, 34% used [0x0000000081000000,0x00000000824cb480,0x0000000084c00000)
 Metaspace       used 28697K, capacity 28930K, committed 29056K, reserved 1075200K
  class space    used 3348K, capacity 3437K, committed 3456K, reserved 1048576K
}
Event: 7.674 GC heap before
{Heap before GC invocations=8 (full 1):
 PSYoungGen      total 70144K, used 64583K [0x00000000d5b00000, 0x00000000daf80000, 0x0000000100000000)
  eden space 57856K, 100% used [0x00000000d5b00000,0x00000000d9380000,0x00000000d9380000)
  from space 12288K, 54% used [0x00000000da380000,0x00000000daa11c30,0x00000000daf80000)
  to   space 14336K, 0% used [0x00000000d9380000,0x00000000d9380000,0x00000000da180000)
 ParOldGen       total 61440K, used 21293K [0x0000000081000000, 0x0000000084c00000, 0x00000000d5b00000)
  object space 61440K, 34% used [0x0000000081000000,0x00000000824cb480,0x0000000084c00000)
 Metaspace       used 30567K, capacity 30772K, committed 31104K, reserved 1077248K
  class space    used 3508K, capacity 3600K, committed 3712K, reserved 1048576K
Event: 7.685 GC heap after
Heap after GC invocations=8 (full 1):
 PSYoungGen      total 72192K, used 12922K [0x00000000d5b00000, 0x00000000dda00000, 0x0000000100000000)
  eden space 57856K, 0% used [0x00000000d5b00000,0x00000000d5b00000,0x00000000d9380000)
  from space 14336K, 90% used [0x00000000d9380000,0x00000000da01ebc0,0x00000000da180000)
  to   space 15872K, 0% used [0x00000000dca80000,0x00000000dca80000,0x00000000dda00000)
 ParOldGen       total 61440K, used 21301K [0x0000000081000000, 0x0000000084c00000, 0x00000000d5b00000)
  object space 61440K, 34% used [0x0000000081000000,0x00000000824cd480,0x0000000084c00000)
 Metaspace       used 30567K, capacity 30772K, committed 31104K, reserved 1077248K
  class space    used 3508K, capacity 3600K, committed 3712K, reserved 1048576K
}
Event: 8.632 GC heap before
{Heap before GC invocations=9 (full 1):
 PSYoungGen      total 72192K, used 70778K [0x00000000d5b00000, 0x00000000dda00000, 0x0000000100000000)
  eden space 57856K, 100% used [0x00000000d5b00000,0x00000000d9380000,0x00000000d9380000)
  from space 14336K, 90% used [0x00000000d9380000,0x00000000da01ebc0,0x00000000da180000)
  to   space 15872K, 0% used [0x00000000dca80000,0x00000000dca80000,0x00000000dda00000)
 ParOldGen       total 61440K, used 21301K [0x0000000081000000, 0x0000000084c00000, 0x00000000d5b00000)
  object space 61440K, 34% used [0x0000000081000000,0x00000000824cd480,0x0000000084c00000)
 Metaspace       used 32914K, capacity 33132K, committed 33408K, reserved 1079296K
  class space    used 3800K, capacity 3892K, committed 3968K, reserved 1048576K
Event: 8.641 GC heap after
Heap after GC invocations=9 (full 1):
 PSYoungGen      total 112640K, used 15055K [0x00000000d5b00000, 0x00000000ddc80000, 0x0000000100000000)
  eden space 96768K, 0% used [0x00000000d5b00000,0x00000000d5b00000,0x00000000db980000)
  from space 15872K, 94% used [0x00000000dca80000,0x00000000dd933da8,0x00000000dda00000)
  to   space 17408K, 0% used [0x00000000db980000,0x00000000db980000,0x00000000dca80000)
 ParOldGen       total 61440K, used 21357K [0x0000000081000000, 0x0000000084c00000, 0x00000000d5b00000)
  object space 61440K, 34% used [0x0000000081000000,0x00000000824db480,0x0000000084c00000)
 Metaspace       used 32914K, capacity 33132K, committed 33408K, reserved 1079296K
  class space    used 3800K, capacity 3892K, committed 3968K, reserved 1048576K
}
Event: 9.497 GC heap before
{Heap before GC invocations=10 (full 1):
 PSYoungGen      total 112640K, used 53286K [0x00000000d5b00000, 0x00000000ddc80000, 0x0000000100000000)
  eden space 96768K, 39% used [0x00000000d5b00000,0x00000000d8055d88,0x00000000db980000)
  from space 15872K, 94% used [0x00000000dca80000,0x00000000dd933da8,0x00000000dda00000)
  to   space 17408K, 0% used [0x00000000db980000,0x00000000db980000,0x00000000dca80000)
 ParOldGen       total 61440K, used 21357K [0x0000000081000000, 0x0000000084c00000, 0x00000000d5b00000)
  object space 61440K, 34% used [0x0000000081000000,0x00000000824db480,0x0000000084c00000)
 Metaspace       used 34942K, capacity 35210K, committed 35416K, reserved 1081344K
  class space    used 3997K, capacity 4089K, committed 4096K, reserved 1048576K
Event: 9.508 GC heap after
Heap after GC invocations=10 (full 1):
 PSYoungGen      total 114176K, used 14517K [0x00000000d5b00000, 0x00000000e0480000, 0x0000000100000000)
  eden space 96768K, 0% used [0x00000000d5b00000,0x00000000d5b00000,0x00000000db980000)
  from space 17408K, 83% used [0x00000000db980000,0x00000000dc7ad688,0x00000000dca80000)
  to   space 18432K, 0% used [0x00000000df280000,0x00000000df280000,0x00000000e0480000)
 ParOldGen       total 61440K, used 24699K [0x0000000081000000, 0x0000000084c00000, 0x00000000d5b00000)
  object space 61440K, 40% used [0x0000000081000000,0x000000008281efb0,0x0000000084c00000)
 Metaspace       used 34942K, capacity 35210K, committed 35416K, reserved 1081344K
  class space    used 3997K, capacity 4089K, committed 4096K, reserved 1048576K
}
Event: 9.508 GC heap before
{Heap before GC invocations=11 (full 2):
 PSYoungGen      total 114176K, used 14517K [0x00000000d5b00000, 0x00000000e0480000, 0x0000000100000000)
  eden space 96768K, 0% used [0x00000000d5b00000,0x00000000d5b00000,0x00000000db980000)
  from space 17408K, 83% used [0x00000000db980000,0x00000000dc7ad688,0x00000000dca80000)
  to   space 18432K, 0% used [0x00000000df280000,0x00000000df280000,0x00000000e0480000)
 ParOldGen       total 61440K, used 24699K [0x0000000081000000, 0x0000000084c00000, 0x00000000d5b00000)
  object space 61440K, 40% used [0x0000000081000000,0x000000008281efb0,0x0000000084c00000)
 Metaspace       used 34942K, capacity 35210K, committed 35416K, reserved 1081344K
  class space    used 3997K, capacity 4089K, committed 4096K, reserved 1048576K
Event: 9.574 GC heap after
Heap after GC invocations=11 (full 2):
 PSYoungGen      total 114176K, used 0K [0x00000000d5b00000, 0x00000000e0480000, 0x0000000100000000)
  eden space 96768K, 0% used [0x00000000d5b00000,0x00000000d5b00000,0x00000000db980000)
  from space 17408K, 0% used [0x00000000db980000,0x00000000db980000,0x00000000dca80000)
  to   space 18432K, 0% used [0x00000000df280000,0x00000000df280000,0x00000000e0480000)
 ParOldGen       total 61440K, used 22046K [0x0000000081000000, 0x0000000084c00000, 0x00000000d5b00000)
  object space 61440K, 35% used [0x0000000081000000,0x0000000082587890,0x0000000084c00000)
 Metaspace       used 34942K, capacity 35210K, committed 35416K, reserved 1081344K
  class space    used 3997K, capacity 4089K, committed 4096K, reserved 1048576K
}

